<?xml version="1.0" encoding="UTF-8"?>
<testng-results ignored="0" total="2" passed="2" failed="0" skipped="0">
  <reporter-output>
  </reporter-output>
  <suite started-at="2025-04-04T20:09:10 IST" name="Suite" finished-at="2025-04-04T20:09:22 IST" duration-ms="12165">
    <groups>
      <group name="Regression">
        <method signature="TC1_AccountRegistrationtest.verify_account_registration()[pri:0, instance:testCases.TC1_AccountRegistrationtest@3c407114]" name="verify_account_registration" class="testCases.TC1_AccountRegistrationtest"/>
      </group> <!-- Regression -->
      <group name="sanity">
        <method signature="TC2_Lohgintest.verify_login()[pri:0, instance:testCases.TC2_Lohgintest@619713e5]" name="verify_login" class="testCases.TC2_Lohgintest"/>
      </group> <!-- sanity -->
      <group name="master">
        <method signature="TC1_AccountRegistrationtest.verify_account_registration()[pri:0, instance:testCases.TC1_AccountRegistrationtest@3c407114]" name="verify_account_registration" class="testCases.TC1_AccountRegistrationtest"/>
        <method signature="TC2_Lohgintest.verify_login()[pri:0, instance:testCases.TC2_Lohgintest@619713e5]" name="verify_login" class="testCases.TC2_Lohgintest"/>
      </group> <!-- master -->
    </groups>
    <test started-at="2025-04-04T20:09:10 IST" name="Test" finished-at="2025-04-04T20:09:22 IST" duration-ms="12165">
      <class name="testCases.TC2_Lohgintest">
        <test-method is-config="true" signature="setup(java.lang.String,java.lang.String)[pri:0, instance:testCases.TC2_Lohgintest@619713e5]" started-at="2025-04-04T20:09:18 IST" name="setup" finished-at="2025-04-04T20:09:20 IST" duration-ms="1818" status="PASS">
          <params>
            <param index="0">
              <value>
                <![CDATA[Linux]]>
              </value>
            </param>
            <param index="1">
              <value>
                <![CDATA[chrome]]>
              </value>
            </param>
          </params>
          <reporter-output>
          </reporter-output>
        </test-method> <!-- setup -->
        <test-method signature="verify_login()[pri:0, instance:testCases.TC2_Lohgintest@619713e5]" started-at="2025-04-04T20:09:20 IST" name="verify_login" finished-at="2025-04-04T20:09:22 IST" duration-ms="1925" status="PASS">
          <reporter-output>
          </reporter-output>
        </test-method> <!-- verify_login -->
        <test-method is-config="true" signature="teardown()[pri:0, instance:testCases.TC2_Lohgintest@619713e5]" started-at="2025-04-04T20:09:22 IST" name="teardown" finished-at="2025-04-04T20:09:22 IST" duration-ms="85" status="PASS">
          <reporter-output>
          </reporter-output>
        </test-method> <!-- teardown -->
      </class> <!-- testCases.TC2_Lohgintest -->
      <class name="testCases.TC1_AccountRegistrationtest">
        <test-method is-config="true" signature="setup(java.lang.String,java.lang.String)[pri:0, instance:testCases.TC1_AccountRegistrationtest@3c407114]" started-at="2025-04-04T20:09:10 IST" name="setup" finished-at="2025-04-04T20:09:15 IST" duration-ms="5177" status="PASS">
          <params>
            <param index="0">
              <value>
                <![CDATA[Linux]]>
              </value>
            </param>
            <param index="1">
              <value>
                <![CDATA[chrome]]>
              </value>
            </param>
          </params>
          <reporter-output>
          </reporter-output>
        </test-method> <!-- setup -->
        <test-method signature="verify_account_registration()[pri:0, instance:testCases.TC1_AccountRegistrationtest@3c407114]" started-at="2025-04-04T20:09:15 IST" name="verify_account_registration" finished-at="2025-04-04T20:09:18 IST" duration-ms="2359" status="PASS">
          <reporter-output>
          </reporter-output>
        </test-method> <!-- verify_account_registration -->
        <test-method is-config="true" signature="teardown()[pri:0, instance:testCases.TC1_AccountRegistrationtest@3c407114]" started-at="2025-04-04T20:09:18 IST" name="teardown" finished-at="2025-04-04T20:09:18 IST" duration-ms="116" status="PASS">
          <reporter-output>
          </reporter-output>
        </test-method> <!-- teardown -->
      </class> <!-- testCases.TC1_AccountRegistrationtest -->
    </test> <!-- Test -->
  </suite> <!-- Suite -->
</testng-results>
