<?xml version="1.0" encoding="UTF-8"?>
<testsuite xmlns:xsi="http://www.w3.org/2001/XMLSchema-instance" xsi:noNamespaceSchemaLocation="https://maven.apache.org/surefire/maven-surefire-plugin/xsd/surefire-test-report.xsd" version="3.0.2" name="TestSuite" time="14.771" tests="2" errors="0" skipped="0" failures="0">
  <properties>
[...]
</properties>
  <testcase name="verify_account_registration" classname="testCases.TC1_AccountRegistrationtest" time="2.542">
    <system-out><![CDATA[2025-04-04 20:09:14 [main] INFO  testCases.TC1_AccountRegistrationtest - launching chrome browser
2025-04-04 20:09:15 [main] INFO  testCases.TC1_AccountRegistrationtest - *****************STARTING TC01************************
2025-04-04 20:09:16 [main] INFO  testCases.TC1_AccountRegistrationtest - Clicked on My account link
2025-04-04 20:09:16 [main] INFO  testCases.TC1_AccountRegistrationtest - Providing customer details
xgmBW
jrLuv
MmzDP
986458151
rMSQB@0610
rMSQB0610
2025-04-04 20:09:18 [main] INFO  testCases.TC1_AccountRegistrationtest - validating message
Your Account Has Been Created!
2025-04-04 20:09:18 [main] INFO  testCases.TC1_AccountRegistrationtest - *****************************TC01 is PASSED******************************
2025-04-04 20:09:18 [main] INFO  testCases.TC1_AccountRegistrationtest - *****************************TC01 Finished******************************
]]></system-out>
    <system-err><![CDATA[SLF4J(W): No SLF4J providers were found.
SLF4J(W): Defaulting to no-operation (NOP) logger implementation
SLF4J(W): See https://www.slf4j.org/codes.html#noProviders for further details.
SLF4J(W): Class path contains SLF4J bindings targeting slf4j-api versions 1.7.x or earlier.
SLF4J(W): Ignoring binding found at [jar:file:/C:/Users/indan/.m2/repository/org/apache/logging/log4j/log4j-slf4j-impl/2.24.3/log4j-slf4j-impl-2.24.3.jar!/org/slf4j/impl/StaticLoggerBinder.class]
SLF4J(W): See https://www.slf4j.org/codes.html#ignoredBindings for an explanation.
Apr 04, 2025 8:09:11 PM org.openqa.selenium.remote.tracing.opentelemetry.OpenTelemetryTracer createTracer
INFO: Using OpenTelemetry for tracing
]]></system-err>
  </testcase>
  <testcase name="verify_login" classname="testCases.TC2_Lohgintest" time="2.095">
    <system-out><![CDATA[2025-04-04 20:09:18 [main] INFO  testCases.TC2_Lohgintest - launching chrome browser
2025-04-04 20:09:20 [main] INFO  testCases.TC2_Lohgintest - *******************TC02 STARTED*********************
2025-04-04 20:09:20 [main] INFO  testCases.TC2_Lohgintest - Clicked on My Account
2025-04-04 20:09:20 [main] INFO  testCases.TC2_Lohgintest - Clicked on Login
2025-04-04 20:09:21 [main] INFO  testCases.TC2_Lohgintest - entered username
2025-04-04 20:09:21 [main] INFO  testCases.TC2_Lohgintest - entered password
2025-04-04 20:09:21 [main] INFO  testCases.TC2_Lohgintest - Clicked on Login
2025-04-04 20:09:22 [main] INFO  testCases.TC2_Lohgintest - required page exists
2025-04-04 20:09:22 [main] INFO  testCases.TC2_Lohgintest - *******************TC02 PASSED*********************
2025-04-04 20:09:22 [main] INFO  testCases.TC2_Lohgintest - *******************TC02 FINISHED*********************
]]></system-out>
  </testcase>
</testsuite>