<?xml version="1.0" encoding="UTF-8"?>
<testng-results ignored="0" total="2" passed="2" failed="0" skipped="0">
  <reporter-output>
  </reporter-output>
  <suite started-at="2025-04-04T16:56:06 IST" name="Suite" finished-at="2025-04-04T16:56:26 IST" duration-ms="20440">
    <groups>
      <group name="Regression">
        <method signature="TC1_AccountRegistrationtest.verify_account_registration()[pri:0, instance:testCases.TC1_AccountRegistrationtest@291b4bf5]" name="verify_account_registration" class="testCases.TC1_AccountRegistrationtest"/>
      </group> <!-- Regression -->
      <group name="sanity">
        <method signature="TC2_Lohgintest.verify_login()[pri:0, instance:testCases.TC2_Lohgintest@117e949d]" name="verify_login" class="testCases.TC2_Lohgintest"/>
      </group> <!-- sanity -->
      <group name="master">
        <method signature="TC1_AccountRegistrationtest.verify_account_registration()[pri:0, instance:testCases.TC1_AccountRegistrationtest@291b4bf5]" name="verify_account_registration" class="testCases.TC1_AccountRegistrationtest"/>
        <method signature="TC2_Lohgintest.verify_login()[pri:0, instance:testCases.TC2_Lohgintest@117e949d]" name="verify_login" class="testCases.TC2_Lohgintest"/>
      </group> <!-- master -->
    </groups>
    <test started-at="2025-04-04T16:56:06 IST" name="Linux-docker-test" finished-at="2025-04-04T16:56:26 IST" duration-ms="20440">
      <class name="testCases.TC2_Lohgintest">
        <test-method is-config="true" signature="setup(java.lang.String,java.lang.String)[pri:0, instance:testCases.TC2_Lohgintest@117e949d]" started-at="2025-04-04T16:56:20 IST" name="setup" finished-at="2025-04-04T16:56:22 IST" duration-ms="2365" status="PASS">
          <params>
            <param index="0">
              <value>
                <![CDATA[Linux]]>
              </value>
            </param>
            <param index="1">
              <value>
                <![CDATA[chrome]]>
              </value>
            </param>
          </params>
          <reporter-output>
          </reporter-output>
        </test-method> <!-- setup -->
        <test-method signature="verify_login()[pri:0, instance:testCases.TC2_Lohgintest@117e949d]" started-at="2025-04-04T16:56:22 IST" name="verify_login" finished-at="2025-04-04T16:56:26 IST" duration-ms="3682" status="PASS">
          <reporter-output>
          </reporter-output>
        </test-method> <!-- verify_login -->
        <test-method is-config="true" signature="teardown()[pri:0, instance:testCases.TC2_Lohgintest@117e949d]" started-at="2025-04-04T16:56:26 IST" name="teardown" finished-at="2025-04-04T16:56:26 IST" duration-ms="124" status="PASS">
          <reporter-output>
          </reporter-output>
        </test-method> <!-- teardown -->
      </class> <!-- testCases.TC2_Lohgintest -->
      <class name="testCases.TC1_AccountRegistrationtest">
        <test-method is-config="true" signature="setup(java.lang.String,java.lang.String)[pri:0, instance:testCases.TC1_AccountRegistrationtest@291b4bf5]" started-at="2025-04-04T16:56:06 IST" name="setup" finished-at="2025-04-04T16:56:14 IST" duration-ms="7965" status="PASS">
          <params>
            <param index="0">
              <value>
                <![CDATA[Linux]]>
              </value>
            </param>
            <param index="1">
              <value>
                <![CDATA[chrome]]>
              </value>
            </param>
          </params>
          <reporter-output>
          </reporter-output>
        </test-method> <!-- setup -->
        <test-method signature="verify_account_registration()[pri:0, instance:testCases.TC1_AccountRegistrationtest@291b4bf5]" started-at="2025-04-04T16:56:14 IST" name="verify_account_registration" finished-at="2025-04-04T16:56:19 IST" duration-ms="4927" status="PASS">
          <reporter-output>
          </reporter-output>
        </test-method> <!-- verify_account_registration -->
        <test-method is-config="true" signature="teardown()[pri:0, instance:testCases.TC1_AccountRegistrationtest@291b4bf5]" started-at="2025-04-04T16:56:20 IST" name="teardown" finished-at="2025-04-04T16:56:20 IST" duration-ms="181" status="PASS">
          <reporter-output>
          </reporter-output>
        </test-method> <!-- teardown -->
      </class> <!-- testCases.TC1_AccountRegistrationtest -->
    </test> <!-- Linux-docker-test -->
  </suite> <!-- Suite -->
</testng-results>
